<?xml version="1.0" encoding="UTF-8"?>
<beans xmlns="http://www.springframework.org/schema/beans"
	xmlns:xsi="http://www.w3.org/2001/XMLSchema-instance"
	xmlns:p="http://www.springframework.org/schema/p"
	xmlns:tx="http://www.springframework.org/schema/tx"
	xmlns:context="http://www.springframework.org/schema/context"
	xsi:schemaLocation="http://www.springframework.org/schema/beans http://www.springframework.org/schema/beans/spring-beans.xsd
		http://www.springframework.org/schema/tx http://www.springframework.org/schema/tx/spring-tx-4.0.xsd
		http://www.springframework.org/schema/context http://www.springframework.org/schema/context/spring-context-4.0.xsd">

	<context:annotation-config />
	<context:component-scan base-package="com.hatumruna.taskmanager" />
	
	<bean class="org.springframework.orm.jpa.support.PersistenceAnnotationBeanPostProcessor" />
	
	<bean id="entityManagerFactory" class="org.springframework.orm.jpa.LocalContainerEntityManagerFactoryBean">
		<property name="dataSource" ref="dataSource" />
		<property name="packagesToScan" value="com.hatumruna.taskmanager.domain"/>
		<property name="jpaVendorAdapter">
        	<bean class="org.springframework.orm.jpa.vendor.HibernateJpaVendorAdapter" />
      	</property>
		<property name="jpaProperties">
			<props>
				<prop key="hibernate.dialect">org.hibernate.dialect.H2Dialect</prop>
				<prop key="hibernate.show_sql">true</prop>
				<!-- <prop key="hibernate.hbm2ddl.auto">create</prop> -->
				<prop key="hibernate.enable_lazy_load_no_trans">true</prop>
				<prop key="hibernate.search.default.directory_provider">filesystem</prop>
				<prop key="hibernate.search.default.indexBase">lucene/indexes</prop>
			</props>
		</property>   
	</bean>
    
    <bean id="transactionManager"
    	class="org.springframework.orm.jpa.JpaTransactionManager" 
    	p:entityManagerFactory-ref="entityManagerFactory">
  	</bean>

	<tx:annotation-driven/>

	<context:property-placeholder location="classpath*:*.properties"/>

	<bean id="dataSource" class="org.springframework.jdbc.datasource.DriverManagerDataSource"
		p:driverClassName="${jdbc.driverClassName}"
		p:url="${jdbc.test.url}"
		p:username="${jdbc.test.username}"
	/>	
</beans>
