<?xml version='1.0' encoding='UTF-8'?>
<dataset>
  <contract CONTRACTID="1" CONTRACTTYPE="C"/>
  <contract CONTRACTID="2" CONTRACTTYPE="O"/>
</dataset>
